<?xml version="1.0" encoding="UTF-8"?>
<testsuite xmlns:xsi="http://www.w3.org/2001/XMLSchema-instance" xsi:noNamespaceSchemaLocation="https://maven.apache.org/surefire/maven-surefire-plugin/xsd/surefire-test-report.xsd" name="testrunners.MyTestRunnerTest" time="1,880.974" tests="11" errors="9" skipped="0" failures="0">
  <properties>
    <property name="sun.desktop" value="windows"/>
    <property name="awt.toolkit" value="sun.awt.windows.WToolkit"/>
    <property name="file.encoding.pkg" value="sun.io"/>
    <property name="java.specification.version" value="1.8"/>
    <property name="sun.cpu.isalist" value="amd64"/>
    <property name="sun.jnu.encoding" value="Cp1253"/>
    <property name="java.class.path" value="C:\Program Files\Java_Hybrid_Framework\CucumberPOMSeries\target\test-classes;C:\Program Files\Java_Hybrid_Framework\CucumberPOMSeries\target\classes;C:\Windows\system32\config\systemprofile\.m2\repository\junit\junit\4.13.1\junit-4.13.1.jar;C:\Windows\system32\config\systemprofile\.m2\repository\org\hamcrest\hamcrest-core\1.3\hamcrest-core-1.3.jar;C:\Windows\system32\config\systemprofile\.m2\repository\io\cucumber\cucumber-java\6.9.0\cucumber-java-6.9.0.jar;C:\Windows\system32\config\systemprofile\.m2\repository\io\cucumber\cucumber-core\6.9.0\cucumber-core-6.9.0.jar;C:\Windows\system32\config\systemprofile\.m2\repository\io\cucumber\cucumber-gherkin\6.9.0\cucumber-gherkin-6.9.0.jar;C:\Windows\system32\config\systemprofile\.m2\repository\io\cucumber\cucumber-gherkin-messages\6.9.0\cucumber-gherkin-messages-6.9.0.jar;C:\Windows\system32\config\systemprofile\.m2\repository\io\cucumber\messages\13.2.0\messages-13.2.0.jar;C:\Windows\system32\config\systemprofile\.m2\repository\io\cucumber\tag-expressions\3.0.0\tag-expressions-3.0.0.jar;C:\Windows\system32\config\systemprofile\.m2\repository\io\cucumber\cucumber-expressions\10.3.0\cucumber-expressions-10.3.0.jar;C:\Windows\system32\config\systemprofile\.m2\repository\io\cucumber\datatable\3.5.0\datatable-3.5.0.jar;C:\Windows\system32\config\systemprofile\.m2\repository\io\cucumber\cucumber-plugin\6.9.0\cucumber-plugin-6.9.0.jar;C:\Windows\system32\config\systemprofile\.m2\repository\io\cucumber\docstring\6.9.0\docstring-6.9.0.jar;C:\Windows\system32\config\systemprofile\.m2\repository\io\cucumber\html-formatter\9.0.0\html-formatter-9.0.0.jar;C:\Windows\system32\config\systemprofile\.m2\repository\io\cucumber\create-meta\2.0.4\create-meta-2.0.4.jar;C:\Windows\system32\config\systemprofile\.m2\repository\org\apiguardian\apiguardian-api\1.1.0\apiguardian-api-1.1.0.jar;C:\Windows\system32\config\systemprofile\.m2\repository\io\cucumber\cucumber-junit\6.9.0\cucumber-junit-6.9.0.jar;C:\Windows\system32\config\systemprofile\.m2\repository\org\seleniumhq\selenium\selenium-java\3.141.59\selenium-java-3.141.59.jar;C:\Windows\system32\config\systemprofile\.m2\repository\org\seleniumhq\selenium\selenium-api\3.141.59\selenium-api-3.141.59.jar;C:\Windows\system32\config\systemprofile\.m2\repository\org\seleniumhq\selenium\selenium-chrome-driver\3.141.59\selenium-chrome-driver-3.141.59.jar;C:\Windows\system32\config\systemprofile\.m2\repository\org\seleniumhq\selenium\selenium-edge-driver\3.141.59\selenium-edge-driver-3.141.59.jar;C:\Windows\system32\config\systemprofile\.m2\repository\org\seleniumhq\selenium\selenium-firefox-driver\3.141.59\selenium-firefox-driver-3.141.59.jar;C:\Windows\system32\config\systemprofile\.m2\repository\org\seleniumhq\selenium\selenium-ie-driver\3.141.59\selenium-ie-driver-3.141.59.jar;C:\Windows\system32\config\systemprofile\.m2\repository\org\seleniumhq\selenium\selenium-opera-driver\3.141.59\selenium-opera-driver-3.141.59.jar;C:\Windows\system32\config\systemprofile\.m2\repository\org\seleniumhq\selenium\selenium-remote-driver\3.141.59\selenium-remote-driver-3.141.59.jar;C:\Windows\system32\config\systemprofile\.m2\repository\org\seleniumhq\selenium\selenium-safari-driver\3.141.59\selenium-safari-driver-3.141.59.jar;C:\Windows\system32\config\systemprofile\.m2\repository\org\seleniumhq\selenium\selenium-support\3.141.59\selenium-support-3.141.59.jar;C:\Windows\system32\config\systemprofile\.m2\repository\net\bytebuddy\byte-buddy\1.8.15\byte-buddy-1.8.15.jar;C:\Windows\system32\config\systemprofile\.m2\repository\org\apache\commons\commons-exec\1.3\commons-exec-1.3.jar;C:\Windows\system32\config\systemprofile\.m2\repository\com\google\guava\guava\25.0-jre\guava-25.0-jre.jar;C:\Windows\system32\config\systemprofile\.m2\repository\com\google\code\findbugs\jsr305\1.3.9\jsr305-1.3.9.jar;C:\Windows\system32\config\systemprofile\.m2\repository\org\checkerframework\checker-compat-qual\2.0.0\checker-compat-qual-2.0.0.jar;C:\Windows\system32\config\systemprofile\.m2\repository\com\google\errorprone\error_prone_annotations\2.1.3\error_prone_annotations-2.1.3.jar;C:\Windows\system32\config\systemprofile\.m2\repository\com\google\j2objc\j2objc-annotations\1.1\j2objc-annotations-1.1.jar;C:\Windows\system32\config\systemprofile\.m2\repository\org\codehaus\mojo\animal-sniffer-annotations\1.14\animal-sniffer-annotations-1.14.jar;C:\Windows\system32\config\systemprofile\.m2\repository\com\squareup\okhttp3\okhttp\3.11.0\okhttp-3.11.0.jar;C:\Windows\system32\config\systemprofile\.m2\repository\com\squareup\okio\okio\1.14.0\okio-1.14.0.jar;C:\Windows\system32\config\systemprofile\.m2\repository\io\github\bonigarcia\webdrivermanager\4.2.2\webdrivermanager-4.2.2.jar;C:\Windows\system32\config\systemprofile\.m2\repository\org\slf4j\slf4j-api\1.7.30\slf4j-api-1.7.30.jar;C:\Windows\system32\config\systemprofile\.m2\repository\commons-io\commons-io\2.8.0\commons-io-2.8.0.jar;C:\Windows\system32\config\systemprofile\.m2\repository\com\google\code\gson\gson\2.8.6\gson-2.8.6.jar;C:\Windows\system32\config\systemprofile\.m2\repository\org\apache\commons\commons-lang3\3.11\commons-lang3-3.11.jar;C:\Windows\system32\config\systemprofile\.m2\repository\org\apache\httpcomponents\client5\httpclient5\5.0.1\httpclient5-5.0.1.jar;C:\Windows\system32\config\systemprofile\.m2\repository\org\apache\httpcomponents\core5\httpcore5\5.0.1\httpcore5-5.0.1.jar;C:\Windows\system32\config\systemprofile\.m2\repository\org\apache\httpcomponents\core5\httpcore5-h2\5.0.1\httpcore5-h2-5.0.1.jar;C:\Windows\system32\config\systemprofile\.m2\repository\commons-codec\commons-codec\1.13\commons-codec-1.13.jar;C:\Windows\system32\config\systemprofile\.m2\repository\org\rauschig\jarchivelib\1.1.0\jarchivelib-1.1.0.jar;C:\Windows\system32\config\systemprofile\.m2\repository\org\apache\commons\commons-compress\1.20\commons-compress-1.20.jar;C:\Windows\system32\config\systemprofile\.m2\repository\org\jsoup\jsoup\1.13.1\jsoup-1.13.1.jar;C:\Windows\system32\config\systemprofile\.m2\repository\tech\grasshopper\extentreports-cucumber6-adapter\2.6.0\extentreports-cucumber6-adapter-2.6.0.jar;C:\Windows\system32\config\systemprofile\.m2\repository\com\aventstack\extentreports\5.0.5\extentreports-5.0.5.jar;C:\Windows\system32\config\systemprofile\.m2\repository\io\reactivex\rxjava3\rxjava\3.0.4\rxjava-3.0.4.jar;C:\Windows\system32\config\systemprofile\.m2\repository\org\reactivestreams\reactive-streams\1.0.3\reactive-streams-1.0.3.jar;C:\Windows\system32\config\systemprofile\.m2\repository\org\freemarker\freemarker\2.3.30\freemarker-2.3.30.jar;C:\Windows\system32\config\systemprofile\.m2\repository\org\projectlombok\lombok\1.18.12\lombok-1.18.12.jar;C:\Windows\system32\config\systemprofile\.m2\repository\tech\grasshopper\extent-pdf-report\1.5.0\extent-pdf-report-1.5.0.jar;C:\Windows\system32\config\systemprofile\.m2\repository\tech\grasshopper\cucumber-pdf-report\1.7.0\cucumber-pdf-report-1.7.0.jar;C:\Windows\system32\config\systemprofile\.m2\repository\org\apache\pdfbox\pdfbox\2.0.21\pdfbox-2.0.21.jar;C:\Windows\system32\config\systemprofile\.m2\repository\org\apache\pdfbox\fontbox\2.0.21\fontbox-2.0.21.jar;C:\Windows\system32\config\systemprofile\.m2\repository\org\knowm\xchart\xchart\3.6.5\xchart-3.6.5.jar;C:\Windows\system32\config\systemprofile\.m2\repository\de\erichseifert\vectorgraphics2d\VectorGraphics2D\0.13\VectorGraphics2D-0.13.jar;C:\Windows\system32\config\systemprofile\.m2\repository\de\rototor\pdfbox\graphics2d\0.27\graphics2d-0.27.jar;C:\Windows\system32\config\systemprofile\.m2\repository\com\madgag\animated-gif-lib\1.4\animated-gif-lib-1.4.jar;C:\Windows\system32\config\systemprofile\.m2\repository\com\github\vandeseer\easytable\0.7.1\easytable-0.7.1.jar;C:\Windows\system32\config\systemprofile\.m2\repository\com\github\ralfstuckert\pdfbox-layout\pdfbox2-layout\1.0.0\pdfbox2-layout-1.0.0.jar;C:\Windows\system32\config\systemprofile\.m2\repository\org\yaml\snakeyaml\1.27\snakeyaml-1.27.jar;C:\Windows\system32\config\systemprofile\.m2\repository\com\aventstack\klov-reporter\5.0.5\klov-reporter-5.0.5.jar;C:\Windows\system32\config\systemprofile\.m2\repository\org\mongodb\bson\3.6.4\bson-3.6.4.jar;C:\Windows\system32\config\systemprofile\.m2\repository\org\apache\httpcomponents\httpclient\4.5.2\httpclient-4.5.2.jar;C:\Windows\system32\config\systemprofile\.m2\repository\org\apache\httpcomponents\httpcore\4.4.4\httpcore-4.4.4.jar;C:\Windows\system32\config\systemprofile\.m2\repository\commons-logging\commons-logging\1.2\commons-logging-1.2.jar;C:\Windows\system32\config\systemprofile\.m2\repository\org\apache\httpcomponents\httpmime\4.5.2\httpmime-4.5.2.jar;C:\Windows\system32\config\systemprofile\.m2\repository\org\mongodb\mongodb-driver\3.3.0\mongodb-driver-3.3.0.jar;C:\Windows\system32\config\systemprofile\.m2\repository\org\mongodb\mongodb-driver-core\3.3.0\mongodb-driver-core-3.3.0.jar;"/>
    <property name="java.vm.vendor" value="Oracle Corporation"/>
    <property name="sun.arch.data.model" value="64"/>
    <property name="user.variant" value=""/>
    <property name="java.vendor.url" value="http://java.oracle.com/"/>
    <property name="user.timezone" value="Europe/Athens"/>
    <property name="java.vm.specification.version" value="1.8"/>
    <property name="os.name" value="Windows 7"/>
    <property name="user.country" value="GR"/>
    <property name="sun.java.launcher" value="SUN_STANDARD"/>
    <property name="sun.boot.library.path" value="C:\Program Files\Java_8\jdk1.8.0_271\jre\bin"/>
    <property name="sun.java.command" value="C:\Windows\TEMP\surefire754240015984073949\surefirebooter1441652660692640990.jar C:\Windows\Temp\surefire754240015984073949 2021-01-02T16-08-20_016-jvmRun1 surefire5241935372458311448tmp surefire_05493612948600001508tmp"/>
    <property name="surefire.test.class.path" value="C:\Program Files\Java_Hybrid_Framework\CucumberPOMSeries\target\test-classes;C:\Program Files\Java_Hybrid_Framework\CucumberPOMSeries\target\classes;C:\Windows\system32\config\systemprofile\.m2\repository\junit\junit\4.13.1\junit-4.13.1.jar;C:\Windows\system32\config\systemprofile\.m2\repository\org\hamcrest\hamcrest-core\1.3\hamcrest-core-1.3.jar;C:\Windows\system32\config\systemprofile\.m2\repository\io\cucumber\cucumber-java\6.9.0\cucumber-java-6.9.0.jar;C:\Windows\system32\config\systemprofile\.m2\repository\io\cucumber\cucumber-core\6.9.0\cucumber-core-6.9.0.jar;C:\Windows\system32\config\systemprofile\.m2\repository\io\cucumber\cucumber-gherkin\6.9.0\cucumber-gherkin-6.9.0.jar;C:\Windows\system32\config\systemprofile\.m2\repository\io\cucumber\cucumber-gherkin-messages\6.9.0\cucumber-gherkin-messages-6.9.0.jar;C:\Windows\system32\config\systemprofile\.m2\repository\io\cucumber\messages\13.2.0\messages-13.2.0.jar;C:\Windows\system32\config\systemprofile\.m2\repository\io\cucumber\tag-expressions\3.0.0\tag-expressions-3.0.0.jar;C:\Windows\system32\config\systemprofile\.m2\repository\io\cucumber\cucumber-expressions\10.3.0\cucumber-expressions-10.3.0.jar;C:\Windows\system32\config\systemprofile\.m2\repository\io\cucumber\datatable\3.5.0\datatable-3.5.0.jar;C:\Windows\system32\config\systemprofile\.m2\repository\io\cucumber\cucumber-plugin\6.9.0\cucumber-plugin-6.9.0.jar;C:\Windows\system32\config\systemprofile\.m2\repository\io\cucumber\docstring\6.9.0\docstring-6.9.0.jar;C:\Windows\system32\config\systemprofile\.m2\repository\io\cucumber\html-formatter\9.0.0\html-formatter-9.0.0.jar;C:\Windows\system32\config\systemprofile\.m2\repository\io\cucumber\create-meta\2.0.4\create-meta-2.0.4.jar;C:\Windows\system32\config\systemprofile\.m2\repository\org\apiguardian\apiguardian-api\1.1.0\apiguardian-api-1.1.0.jar;C:\Windows\system32\config\systemprofile\.m2\repository\io\cucumber\cucumber-junit\6.9.0\cucumber-junit-6.9.0.jar;C:\Windows\system32\config\systemprofile\.m2\repository\org\seleniumhq\selenium\selenium-java\3.141.59\selenium-java-3.141.59.jar;C:\Windows\system32\config\systemprofile\.m2\repository\org\seleniumhq\selenium\selenium-api\3.141.59\selenium-api-3.141.59.jar;C:\Windows\system32\config\systemprofile\.m2\repository\org\seleniumhq\selenium\selenium-chrome-driver\3.141.59\selenium-chrome-driver-3.141.59.jar;C:\Windows\system32\config\systemprofile\.m2\repository\org\seleniumhq\selenium\selenium-edge-driver\3.141.59\selenium-edge-driver-3.141.59.jar;C:\Windows\system32\config\systemprofile\.m2\repository\org\seleniumhq\selenium\selenium-firefox-driver\3.141.59\selenium-firefox-driver-3.141.59.jar;C:\Windows\system32\config\systemprofile\.m2\repository\org\seleniumhq\selenium\selenium-ie-driver\3.141.59\selenium-ie-driver-3.141.59.jar;C:\Windows\system32\config\systemprofile\.m2\repository\org\seleniumhq\selenium\selenium-opera-driver\3.141.59\selenium-opera-driver-3.141.59.jar;C:\Windows\system32\config\systemprofile\.m2\repository\org\seleniumhq\selenium\selenium-remote-driver\3.141.59\selenium-remote-driver-3.141.59.jar;C:\Windows\system32\config\systemprofile\.m2\repository\org\seleniumhq\selenium\selenium-safari-driver\3.141.59\selenium-safari-driver-3.141.59.jar;C:\Windows\system32\config\systemprofile\.m2\repository\org\seleniumhq\selenium\selenium-support\3.141.59\selenium-support-3.141.59.jar;C:\Windows\system32\config\systemprofile\.m2\repository\net\bytebuddy\byte-buddy\1.8.15\byte-buddy-1.8.15.jar;C:\Windows\system32\config\systemprofile\.m2\repository\org\apache\commons\commons-exec\1.3\commons-exec-1.3.jar;C:\Windows\system32\config\systemprofile\.m2\repository\com\google\guava\guava\25.0-jre\guava-25.0-jre.jar;C:\Windows\system32\config\systemprofile\.m2\repository\com\google\code\findbugs\jsr305\1.3.9\jsr305-1.3.9.jar;C:\Windows\system32\config\systemprofile\.m2\repository\org\checkerframework\checker-compat-qual\2.0.0\checker-compat-qual-2.0.0.jar;C:\Windows\system32\config\systemprofile\.m2\repository\com\google\errorprone\error_prone_annotations\2.1.3\error_prone_annotations-2.1.3.jar;C:\Windows\system32\config\systemprofile\.m2\repository\com\google\j2objc\j2objc-annotations\1.1\j2objc-annotations-1.1.jar;C:\Windows\system32\config\systemprofile\.m2\repository\org\codehaus\mojo\animal-sniffer-annotations\1.14\animal-sniffer-annotations-1.14.jar;C:\Windows\system32\config\systemprofile\.m2\repository\com\squareup\okhttp3\okhttp\3.11.0\okhttp-3.11.0.jar;C:\Windows\system32\config\systemprofile\.m2\repository\com\squareup\okio\okio\1.14.0\okio-1.14.0.jar;C:\Windows\system32\config\systemprofile\.m2\repository\io\github\bonigarcia\webdrivermanager\4.2.2\webdrivermanager-4.2.2.jar;C:\Windows\system32\config\systemprofile\.m2\repository\org\slf4j\slf4j-api\1.7.30\slf4j-api-1.7.30.jar;C:\Windows\system32\config\systemprofile\.m2\repository\commons-io\commons-io\2.8.0\commons-io-2.8.0.jar;C:\Windows\system32\config\systemprofile\.m2\repository\com\google\code\gson\gson\2.8.6\gson-2.8.6.jar;C:\Windows\system32\config\systemprofile\.m2\repository\org\apache\commons\commons-lang3\3.11\commons-lang3-3.11.jar;C:\Windows\system32\config\systemprofile\.m2\repository\org\apache\httpcomponents\client5\httpclient5\5.0.1\httpclient5-5.0.1.jar;C:\Windows\system32\config\systemprofile\.m2\repository\org\apache\httpcomponents\core5\httpcore5\5.0.1\httpcore5-5.0.1.jar;C:\Windows\system32\config\systemprofile\.m2\repository\org\apache\httpcomponents\core5\httpcore5-h2\5.0.1\httpcore5-h2-5.0.1.jar;C:\Windows\system32\config\systemprofile\.m2\repository\commons-codec\commons-codec\1.13\commons-codec-1.13.jar;C:\Windows\system32\config\systemprofile\.m2\repository\org\rauschig\jarchivelib\1.1.0\jarchivelib-1.1.0.jar;C:\Windows\system32\config\systemprofile\.m2\repository\org\apache\commons\commons-compress\1.20\commons-compress-1.20.jar;C:\Windows\system32\config\systemprofile\.m2\repository\org\jsoup\jsoup\1.13.1\jsoup-1.13.1.jar;C:\Windows\system32\config\systemprofile\.m2\repository\tech\grasshopper\extentreports-cucumber6-adapter\2.6.0\extentreports-cucumber6-adapter-2.6.0.jar;C:\Windows\system32\config\systemprofile\.m2\repository\com\aventstack\extentreports\5.0.5\extentreports-5.0.5.jar;C:\Windows\system32\config\systemprofile\.m2\repository\io\reactivex\rxjava3\rxjava\3.0.4\rxjava-3.0.4.jar;C:\Windows\system32\config\systemprofile\.m2\repository\org\reactivestreams\reactive-streams\1.0.3\reactive-streams-1.0.3.jar;C:\Windows\system32\config\systemprofile\.m2\repository\org\freemarker\freemarker\2.3.30\freemarker-2.3.30.jar;C:\Windows\system32\config\systemprofile\.m2\repository\org\projectlombok\lombok\1.18.12\lombok-1.18.12.jar;C:\Windows\system32\config\systemprofile\.m2\repository\tech\grasshopper\extent-pdf-report\1.5.0\extent-pdf-report-1.5.0.jar;C:\Windows\system32\config\systemprofile\.m2\repository\tech\grasshopper\cucumber-pdf-report\1.7.0\cucumber-pdf-report-1.7.0.jar;C:\Windows\system32\config\systemprofile\.m2\repository\org\apache\pdfbox\pdfbox\2.0.21\pdfbox-2.0.21.jar;C:\Windows\system32\config\systemprofile\.m2\repository\org\apache\pdfbox\fontbox\2.0.21\fontbox-2.0.21.jar;C:\Windows\system32\config\systemprofile\.m2\repository\org\knowm\xchart\xchart\3.6.5\xchart-3.6.5.jar;C:\Windows\system32\config\systemprofile\.m2\repository\de\erichseifert\vectorgraphics2d\VectorGraphics2D\0.13\VectorGraphics2D-0.13.jar;C:\Windows\system32\config\systemprofile\.m2\repository\de\rototor\pdfbox\graphics2d\0.27\graphics2d-0.27.jar;C:\Windows\system32\config\systemprofile\.m2\repository\com\madgag\animated-gif-lib\1.4\animated-gif-lib-1.4.jar;C:\Windows\system32\config\systemprofile\.m2\repository\com\github\vandeseer\easytable\0.7.1\easytable-0.7.1.jar;C:\Windows\system32\config\systemprofile\.m2\repository\com\github\ralfstuckert\pdfbox-layout\pdfbox2-layout\1.0.0\pdfbox2-layout-1.0.0.jar;C:\Windows\system32\config\systemprofile\.m2\repository\org\yaml\snakeyaml\1.27\snakeyaml-1.27.jar;C:\Windows\system32\config\systemprofile\.m2\repository\com\aventstack\klov-reporter\5.0.5\klov-reporter-5.0.5.jar;C:\Windows\system32\config\systemprofile\.m2\repository\org\mongodb\bson\3.6.4\bson-3.6.4.jar;C:\Windows\system32\config\systemprofile\.m2\repository\org\apache\httpcomponents\httpclient\4.5.2\httpclient-4.5.2.jar;C:\Windows\system32\config\systemprofile\.m2\repository\org\apache\httpcomponents\httpcore\4.4.4\httpcore-4.4.4.jar;C:\Windows\system32\config\systemprofile\.m2\repository\commons-logging\commons-logging\1.2\commons-logging-1.2.jar;C:\Windows\system32\config\systemprofile\.m2\repository\org\apache\httpcomponents\httpmime\4.5.2\httpmime-4.5.2.jar;C:\Windows\system32\config\systemprofile\.m2\repository\org\mongodb\mongodb-driver\3.3.0\mongodb-driver-3.3.0.jar;C:\Windows\system32\config\systemprofile\.m2\repository\org\mongodb\mongodb-driver-core\3.3.0\mongodb-driver-core-3.3.0.jar;"/>
    <property name="sun.cpu.endian" value="little"/>
    <property name="user.home" value="C:\Windows\system32\config\systemprofile"/>
    <property name="user.language" value="el"/>
    <property name="java.specification.vendor" value="Oracle Corporation"/>
    <property name="java.home" value="C:\Program Files\Java_8\jdk1.8.0_271\jre"/>
    <property name="basedir" value="C:\Program Files\Java_Hybrid_Framework\CucumberPOMSeries"/>
    <property name="file.separator" value="\"/>
    <property name="line.separator" value="&#10;"/>
    <property name="java.vm.specification.vendor" value="Oracle Corporation"/>
    <property name="java.specification.name" value="Java Platform API Specification"/>
    <property name="java.awt.graphicsenv" value="sun.awt.Win32GraphicsEnvironment"/>
    <property name="surefire.real.class.path" value="C:\Windows\TEMP\surefire754240015984073949\surefirebooter1441652660692640990.jar"/>
    <property name="sun.boot.class.path" value="C:\Program Files\Java_8\jdk1.8.0_271\jre\lib\resources.jar;C:\Program Files\Java_8\jdk1.8.0_271\jre\lib\rt.jar;C:\Program Files\Java_8\jdk1.8.0_271\jre\lib\sunrsasign.jar;C:\Program Files\Java_8\jdk1.8.0_271\jre\lib\jsse.jar;C:\Program Files\Java_8\jdk1.8.0_271\jre\lib\jce.jar;C:\Program Files\Java_8\jdk1.8.0_271\jre\lib\charsets.jar;C:\Program Files\Java_8\jdk1.8.0_271\jre\lib\jfr.jar;C:\Program Files\Java_8\jdk1.8.0_271\jre\classes"/>
    <property name="user.script" value=""/>
    <property name="sun.management.compiler" value="HotSpot 64-Bit Tiered Compilers"/>
    <property name="java.runtime.version" value="1.8.0_271-b09"/>
    <property name="user.name" value="LAPTOP$"/>
    <property name="path.separator" value=";"/>
    <property name="os.version" value="6.1"/>
    <property name="java.endorsed.dirs" value="C:\Program Files\Java_8\jdk1.8.0_271\jre\lib\endorsed"/>
    <property name="java.runtime.name" value="Java(TM) SE Runtime Environment"/>
    <property name="file.encoding" value="Cp1253"/>
    <property name="java.vm.name" value="Java HotSpot(TM) 64-Bit Server VM"/>
    <property name="localRepository" value="C:\Windows\system32\config\systemprofile\.m2\repository"/>
    <property name="java.vendor.url.bug" value="http://bugreport.sun.com/bugreport/"/>
    <property name="java.io.tmpdir" value="C:\Windows\TEMP\"/>
    <property name="java.version" value="1.8.0_271"/>
    <property name="user.dir" value="C:\Program Files\Java_Hybrid_Framework\CucumberPOMSeries"/>
    <property name="os.arch" value="amd64"/>
    <property name="java.vm.specification.name" value="Java Virtual Machine Specification"/>
    <property name="java.awt.printerjob" value="sun.awt.windows.WPrinterJob"/>
    <property name="sun.os.patch.level" value="Service Pack 1"/>
    <property name="java.library.path" value="C:\Program Files\Java_8\jdk1.8.0_271\jre\bin;C:\Windows\Sun\Java\bin;C:\Windows\system32;C:\Windows;C:\Program Files\Java\maven\apache-maven-3.6.3/bin;C:\Program Files\Java_8\jdk1.8.0_271/bin;C:\Program Files\Java_8\jdk1.8.0_271/bin;C:\Program Files\Java_8\jdk1.8.0_271\bin;C:\Program Files\Java\jdk-15.0.1\bin;C:\Program Files (x86)\Common Files\Oracle\Java\javapath;C:\Program Files\Common Files\Oracle\Java\javapath;C:\Program Files (x86)\Intel\iCLS Client\;C:\Program Files\Intel\iCLS Client\;C:\ProgramData\Oracle\Java\javapath;C:\Windows\system32;C:\Windows;C:\Windows\System32\Wbem;C:\Windows\System32\WindowsPowerShell\v1.0\;C:\Program Files (x86)\Intel\UCRT\;C:\Program Files\Intel\UCRT\;C:\Program Files (x86)\Intel\Intel(R) Management Engine Components\DAL;C:\Program Files\Intel\Intel(R) Management Engine Components\DAL;C:\Program Files (x86)\Intel\Intel(R) Management Engine Components\IPT;C:\Program Files\Intel\Intel(R) Management Engine Components\IPT;C:\Program Files (x86)\HP\IdrsOCR_15.2.10.1114\;c:\Program Files (x86)\Microsoft SQL Server\100\Tools\Binn\;c:\Program Files\Microsoft SQL Server\100\Tools\Binn\;c:\Program Files\Microsoft SQL Server\100\DTS\Binn\;c:\Program Files (x86)\Microsoft SQL Server\100\Tools\Binn\VSShell\Common7\IDE\;c:\Program Files (x86)\Microsoft Visual Studio 9.0\Common7\IDE\PrivateAssemblies\;c:\Program Files (x86)\Microsoft SQL Server\100\DTS\Binn\;C:\Program Files (x86)\Microsoft SQL Server\80\Tools\Binn\;C:\Program Files\Java\maven\apache-maven-3.6.3\bin;C:\Program Files\Java_Git\cmd;;."/>
    <property name="java.vm.info" value="mixed mode"/>
    <property name="java.vendor" value="Oracle Corporation"/>
    <property name="java.vm.version" value="25.271-b09"/>
    <property name="java.ext.dirs" value="C:\Program Files\Java_8\jdk1.8.0_271\jre\lib\ext;C:\Windows\Sun\Java\lib\ext"/>
    <property name="sun.io.unicode.encoding" value="UnicodeLittle"/>
    <property name="java.class.version" value="52.0"/>
  </properties>
  <testcase name="Accounts page title" classname="Account Page Featyre" time="620.76">
    <error message="session not created&#10;from timeout: Timed out receiving message from renderer: 600.000&#10;  (Session info: chrome=87.0.4280.88)&#10;Build info: version: &apos;3.141.59&apos;, revision: &apos;e82be7d358&apos;, time: &apos;2018-11-14T08:17:03&apos;&#10;System info: host: &apos;LAPTOP&apos;, ip: &apos;192.168.1.14&apos;, os.name: &apos;Windows 7&apos;, os.arch: &apos;amd64&apos;, os.version: &apos;6.1&apos;, java.version: &apos;1.8.0_271&apos;&#10;Driver info: driver.version: ChromeDriver&#10;remote stacktrace: Backtrace:&#10;	Ordinal0 [0x013EC0C3+3326147]&#10;	Ordinal0 [0x012D0851+2164817]&#10;	Ordinal0 [0x01157298+619160]&#10;	Ordinal0 [0x0114B17F+569727]&#10;	Ordinal0 [0x0114A421+566305]&#10;	Ordinal0 [0x0114A815+567317]&#10;	Ordinal0 [0x0114A135+565557]&#10;	Ordinal0 [0x011538B1+604337]&#10;	Ordinal0 [0x0114A0F1+565489]&#10;	Ordinal0 [0x0114AEA2+568994]&#10;	Ordinal0 [0x0114A421+566305]&#10;	Ordinal0 [0x0114A815+567317]&#10;	Ordinal0 [0x0114A135+565557]&#10;	Ordinal0 [0x01151D2C+597292]&#10;	Ordinal0 [0x0114A0F1+565489]&#10;	Ordinal0 [0x0114AEA2+568994]&#10;	Ordinal0 [0x0114A421+566305]&#10;	Ordinal0 [0x0114A815+567317]&#10;	Ordinal0 [0x0114A135+565557]&#10;	Ordinal0 [0x0114FE62+589410]&#10;	Ordinal0 [0x0114A0F1+565489]&#10;	Ordinal0 [0x0114AEA2+568994]&#10;	Ordinal0 [0x0114A421+566305]&#10;	Ordinal0 [0x0114A815+567317]&#10;	Ordinal0 [0x0114A135+565557]&#10;	Ordinal0 [0x0114F075+585845]&#10;	Ordinal0 [0x0114A0F1+565489]&#10;	Ordinal0 [0x0114AEA2+568994]&#10;	Ordinal0 [0x0114A421+566305]&#10;	Ordinal0 [0x0114A815+567317]&#10;	Ordinal0 [0x0114A135+565557]&#10;	Ordinal0 [0x01146776+550774]&#10;	Ordinal0 [0x0114A0F1+565489]&#10;	Ordinal0 [0x01149F13+565011]&#10;	Ordinal0 [0x01149D07+564487]&#10;	Ordinal0 [0x011582C0+623296]&#10;	Ordinal0 [0x010F6BDD+224221]&#10;	Ordinal0 [0x010F5CAC+220332]&#10;	Ordinal0 [0x010F189B+202907]&#10;	Ordinal0 [0x010D3DF4+81396]&#10;	Ordinal0 [0x010D4DEE+85486]&#10;	Ordinal0 [0x010D4D79+85369]&#10;	Ordinal0 [0x012E85DC+2262492]&#10;	GetHandleVerifier [0x01572874+1487204]&#10;	GetHandleVerifier [0x015723CD+1486013]&#10;	GetHandleVerifier [0x0157A368+1518680]&#10;	GetHandleVerifier [0x01572F4E+1488958]&#10;	Ordinal0 [0x012DED0D+2223373]&#10;	Ordinal0 [0x012EA12B+2269483]&#10;	Ordinal0 [0x012EA26F+2269807]&#10;	Ordinal0 [0x012FECB8+2354360]&#10;	BaseThreadInitThunk [0x7588343D+18]&#10;	RtlInitializeExceptionChain [0x777B9812+99]&#10;	RtlInitializeExceptionChain [0x777B97E5+54]&#10;" type="org.openqa.selenium.SessionNotCreatedException">org.openqa.selenium.SessionNotCreatedException: 
session not created
from timeout: Timed out receiving message from renderer: 600.000
  (Session info: chrome=87.0.4280.88)
Build info: version: '3.141.59', revision: 'e82be7d358', time: '2018-11-14T08:17:03'
System info: host: 'LAPTOP', ip: '192.168.1.14', os.name: 'Windows 7', os.arch: 'amd64', os.version: '6.1', java.version: '1.8.0_271'
Driver info: driver.version: ChromeDriver
remote stacktrace: Backtrace:
	Ordinal0 [0x013EC0C3+3326147]
	Ordinal0 [0x012D0851+2164817]
	Ordinal0 [0x01157298+619160]
	Ordinal0 [0x0114B17F+569727]
	Ordinal0 [0x0114A421+566305]
	Ordinal0 [0x0114A815+567317]
	Ordinal0 [0x0114A135+565557]
	Ordinal0 [0x011538B1+604337]
	Ordinal0 [0x0114A0F1+565489]
	Ordinal0 [0x0114AEA2+568994]
	Ordinal0 [0x0114A421+566305]
	Ordinal0 [0x0114A815+567317]
	Ordinal0 [0x0114A135+565557]
	Ordinal0 [0x01151D2C+597292]
	Ordinal0 [0x0114A0F1+565489]
	Ordinal0 [0x0114AEA2+568994]
	Ordinal0 [0x0114A421+566305]
	Ordinal0 [0x0114A815+567317]
	Ordinal0 [0x0114A135+565557]
	Ordinal0 [0x0114FE62+589410]
	Ordinal0 [0x0114A0F1+565489]
	Ordinal0 [0x0114AEA2+568994]
	Ordinal0 [0x0114A421+566305]
	Ordinal0 [0x0114A815+567317]
	Ordinal0 [0x0114A135+565557]
	Ordinal0 [0x0114F075+585845]
	Ordinal0 [0x0114A0F1+565489]
	Ordinal0 [0x0114AEA2+568994]
	Ordinal0 [0x0114A421+566305]
	Ordinal0 [0x0114A815+567317]
	Ordinal0 [0x0114A135+565557]
	Ordinal0 [0x01146776+550774]
	Ordinal0 [0x0114A0F1+565489]
	Ordinal0 [0x01149F13+565011]
	Ordinal0 [0x01149D07+564487]
	Ordinal0 [0x011582C0+623296]
	Ordinal0 [0x010F6BDD+224221]
	Ordinal0 [0x010F5CAC+220332]
	Ordinal0 [0x010F189B+202907]
	Ordinal0 [0x010D3DF4+81396]
	Ordinal0 [0x010D4DEE+85486]
	Ordinal0 [0x010D4D79+85369]
	Ordinal0 [0x012E85DC+2262492]
	GetHandleVerifier [0x01572874+1487204]
	GetHandleVerifier [0x015723CD+1486013]
	GetHandleVerifier [0x0157A368+1518680]
	GetHandleVerifier [0x01572F4E+1488958]
	Ordinal0 [0x012DED0D+2223373]
	Ordinal0 [0x012EA12B+2269483]
	Ordinal0 [0x012EA26F+2269807]
	Ordinal0 [0x012FECB8+2354360]
	BaseThreadInitThunk [0x7588343D+18]
	RtlInitializeExceptionChain [0x777B9812+99]
	RtlInitializeExceptionChain [0x777B97E5+54]

</error>
    <system-out><![CDATA[
Scenario: Accounts page title                       # scr/test/resources/appfeatures/AccountPage.feature:8
browser value is: chrome
      org.openqa.selenium.SessionNotCreatedException: session not created
from timeout: Timed out receiving message from renderer: 600.000
  (Session info: chrome=87.0.4280.88)
Build info: version: '3.141.59', revision: 'e82be7d358', time: '2018-11-14T08:17:03'
System info: host: 'LAPTOP', ip: '192.168.1.14', os.name: 'Windows 7', os.arch: 'amd64', os.version: '6.1', java.version: '1.8.0_271'
Driver info: driver.version: ChromeDriver
remote stacktrace: Backtrace:
	Ordinal0 [0x013EC0C3+3326147]
	Ordinal0 [0x012D0851+2164817]
	Ordinal0 [0x01157298+619160]
	Ordinal0 [0x0114B17F+569727]
	Ordinal0 [0x0114A421+566305]
	Ordinal0 [0x0114A815+567317]
	Ordinal0 [0x0114A135+565557]
	Ordinal0 [0x011538B1+604337]
	Ordinal0 [0x0114A0F1+565489]
	Ordinal0 [0x0114AEA2+568994]
	Ordinal0 [0x0114A421+566305]
	Ordinal0 [0x0114A815+567317]
	Ordinal0 [0x0114A135+565557]
	Ordinal0 [0x01151D2C+597292]
	Ordinal0 [0x0114A0F1+565489]
	Ordinal0 [0x0114AEA2+568994]
	Ordinal0 [0x0114A421+566305]
	Ordinal0 [0x0114A815+567317]
	Ordinal0 [0x0114A135+565557]
	Ordinal0 [0x0114FE62+589410]
	Ordinal0 [0x0114A0F1+565489]
	Ordinal0 [0x0114AEA2+568994]
	Ordinal0 [0x0114A421+566305]
	Ordinal0 [0x0114A815+567317]
	Ordinal0 [0x0114A135+565557]
	Ordinal0 [0x0114F075+585845]
	Ordinal0 [0x0114A0F1+565489]
	Ordinal0 [0x0114AEA2+568994]
	Ordinal0 [0x0114A421+566305]
	Ordinal0 [0x0114A815+567317]
	Ordinal0 [0x0114A135+565557]
	Ordinal0 [0x01146776+550774]
	Ordinal0 [0x0114A0F1+565489]
	Ordinal0 [0x01149F13+565011]
	Ordinal0 [0x01149D07+564487]
	Ordinal0 [0x011582C0+623296]
	Ordinal0 [0x010F6BDD+224221]
	Ordinal0 [0x010F5CAC+220332]
	Ordinal0 [0x010F189B+202907]
	Ordinal0 [0x010D3DF4+81396]
	Ordinal0 [0x010D4DEE+85486]
	Ordinal0 [0x010D4D79+85369]
	Ordinal0 [0x012E85DC+2262492]
	GetHandleVerifier [0x01572874+1487204]
	GetHandleVerifier [0x015723CD+1486013]
	GetHandleVerifier [0x0157A368+1518680]
	GetHandleVerifier [0x01572F4E+1488958]
	Ordinal0 [0x012DED0D+2223373]
	Ordinal0 [0x012EA12B+2269483]
	Ordinal0 [0x012EA26F+2269807]
	Ordinal0 [0x012FECB8+2354360]
	BaseThreadInitThunk [0x7588343D+18]
	RtlInitializeExceptionChain [0x777B9812+99]
	RtlInitializeExceptionChain [0x777B97E5+54]

	at sun.reflect.NativeConstructorAccessorImpl.newInstance0(Native Method)
	at sun.reflect.NativeConstructorAccessorImpl.newInstance(NativeConstructorAccessorImpl.java:62)
	at sun.reflect.DelegatingConstructorAccessorImpl.newInstance(DelegatingConstructorAccessorImpl.java:45)
	at java.lang.reflect.Constructor.newInstance(Constructor.java:423)
	at org.openqa.selenium.remote.W3CHandshakeResponse.lambda$errorHandler$0(W3CHandshakeResponse.java:62)
	at org.openqa.selenium.remote.HandshakeResponse.lambda$getResponseFunction$0(HandshakeResponse.java:30)
	at org.openqa.selenium.remote.ProtocolHandshake.lambda$createSession$0(ProtocolHandshake.java:126)
	at java.util.stream.ReferencePipeline$3$1.accept(ReferencePipeline.java:193)
	at java.util.Spliterators$ArraySpliterator.tryAdvance(Spliterators.java:958)
	at java.util.stream.ReferencePipeline.forEachWithCancel(ReferencePipeline.java:126)
	at java.util.stream.AbstractPipeline.copyIntoWithCancel(AbstractPipeline.java:499)
	at java.util.stream.AbstractPipeline.copyInto(AbstractPipeline.java:486)
	at java.util.stream.AbstractPipeline.wrapAndCopyInto(AbstractPipeline.java:472)
	at java.util.stream.FindOps$FindOp.evaluateSequential(FindOps.java:152)
	at java.util.stream.AbstractPipeline.evaluate(AbstractPipeline.java:234)
	at java.util.stream.ReferencePipeline.findFirst(ReferencePipeline.java:464)
	at org.openqa.selenium.remote.ProtocolHandshake.createSession(ProtocolHandshake.java:128)
	at org.openqa.selenium.remote.ProtocolHandshake.createSession(ProtocolHandshake.java:74)
	at org.openqa.selenium.remote.HttpCommandExecutor.execute(HttpCommandExecutor.java:136)
	at org.openqa.selenium.remote.service.DriverCommandExecutor.execute(DriverCommandExecutor.java:83)
	at org.openqa.selenium.remote.RemoteWebDriver.execute(RemoteWebDriver.java:552)
	at org.openqa.selenium.remote.RemoteWebDriver.startSession(RemoteWebDriver.java:213)
	at org.openqa.selenium.remote.RemoteWebDriver.<init>(RemoteWebDriver.java:131)
	at org.openqa.selenium.chrome.ChromeDriver.<init>(ChromeDriver.java:181)
	at org.openqa.selenium.chrome.ChromeDriver.<init>(ChromeDriver.java:168)
	at org.openqa.selenium.chrome.ChromeDriver.<init>(ChromeDriver.java:123)
	at com.qa.factory.DriverFactory.init_driver(DriverFactory.java:24)
	at apphooks.ApplicationHooks.launchBrowser(ApplicationHooks.java:34)

  Given user has already logged in the application  # stepdefinitions.AccountPageSteps.user_has_already_logged_in_the_application(io.cucumber.datatable.DataTable)
  Given user is on Accounts page                    # stepdefinitions.AccountPageSteps.user_is_on_accounts_page()
  When user gets the title of the page              # stepdefinitions.LoginPageSteps.user_gets_the_title_of_the_page()
  Then page title should be "My account - My Store" # stepdefinitions.LoginPageSteps.page_title_should_be(java.lang.String)
      java.lang.NullPointerException
	at apphooks.ApplicationHooks.tearDown(ApplicationHooks.java:48)

      java.lang.NullPointerException
	at apphooks.ApplicationHooks.quitBrowser(ApplicationHooks.java:40)

]]></system-out>
    <system-err><![CDATA[SLF4J: Failed to load class "org.slf4j.impl.StaticLoggerBinder".
SLF4J: Defaulting to no-operation (NOP) logger implementation
SLF4J: See http://www.slf4j.org/codes.html#StaticLoggerBinder for further details.
Starting ChromeDriver 87.0.4280.88 (89e2380a3e36c3464b5dd1302349b1382549290d-refs/branch-heads/4280@{#1761}) on port 33000
Only local connections are allowed.
Please see https://chromedriver.chromium.org/security-considerations for suggestions on keeping ChromeDriver safe.
ChromeDriver was started successfully.
[1609597114.140][SEVERE]: Timed out receiving message from renderer: 600.000
]]></system-err>
  </testcase>
  <testcase name="Accounts page title" classname="Account Page Featyre" time="620.788">
    <error type="java.lang.NullPointerException">java.lang.NullPointerException
</error>
  </testcase>
  <testcase name="Accounts page title" classname="Account Page Featyre" time="620.788">
    <error type="java.lang.NullPointerException">java.lang.NullPointerException
</error>
  </testcase>
  <testcase name="Accounts section count" classname="Account Page Featyre" time="29.938"/>
  <testcase name="Login page title" classname="Login Page feature" time="13.983"/>
  <testcase name="Forgot Password link" classname="Login Page feature" time="604.276">
    <error message="session not created&#10;from timeout: Timed out receiving message from renderer: 600.000&#10;  (Session info: chrome=87.0.4280.88)&#10;Build info: version: &apos;3.141.59&apos;, revision: &apos;e82be7d358&apos;, time: &apos;2018-11-14T08:17:03&apos;&#10;System info: host: &apos;LAPTOP&apos;, ip: &apos;192.168.1.14&apos;, os.name: &apos;Windows 7&apos;, os.arch: &apos;amd64&apos;, os.version: &apos;6.1&apos;, java.version: &apos;1.8.0_271&apos;&#10;Driver info: driver.version: ChromeDriver&#10;remote stacktrace: Backtrace:&#10;	Ordinal0 [0x013EC0C3+3326147]&#10;	Ordinal0 [0x012D0851+2164817]&#10;	Ordinal0 [0x01157298+619160]&#10;	Ordinal0 [0x0114B17F+569727]&#10;	Ordinal0 [0x0114A421+566305]&#10;	Ordinal0 [0x0114A815+567317]&#10;	Ordinal0 [0x0114A135+565557]&#10;	Ordinal0 [0x011538B1+604337]&#10;	Ordinal0 [0x0114A0F1+565489]&#10;	Ordinal0 [0x0114AEA2+568994]&#10;	Ordinal0 [0x0114A421+566305]&#10;	Ordinal0 [0x0114A815+567317]&#10;	Ordinal0 [0x0114A135+565557]&#10;	Ordinal0 [0x01151D2C+597292]&#10;	Ordinal0 [0x0114A0F1+565489]&#10;	Ordinal0 [0x0114AEA2+568994]&#10;	Ordinal0 [0x0114A421+566305]&#10;	Ordinal0 [0x0114A815+567317]&#10;	Ordinal0 [0x0114A135+565557]&#10;	Ordinal0 [0x0114FE62+589410]&#10;	Ordinal0 [0x0114A0F1+565489]&#10;	Ordinal0 [0x0114AEA2+568994]&#10;	Ordinal0 [0x0114A421+566305]&#10;	Ordinal0 [0x0114A815+567317]&#10;	Ordinal0 [0x0114A135+565557]&#10;	Ordinal0 [0x0114F075+585845]&#10;	Ordinal0 [0x0114A0F1+565489]&#10;	Ordinal0 [0x0114AEA2+568994]&#10;	Ordinal0 [0x0114A421+566305]&#10;	Ordinal0 [0x0114A815+567317]&#10;	Ordinal0 [0x0114A135+565557]&#10;	Ordinal0 [0x01146776+550774]&#10;	Ordinal0 [0x0114A0F1+565489]&#10;	Ordinal0 [0x01149F13+565011]&#10;	Ordinal0 [0x01149D07+564487]&#10;	Ordinal0 [0x011582C0+623296]&#10;	Ordinal0 [0x010F6BDD+224221]&#10;	Ordinal0 [0x010F5CAC+220332]&#10;	Ordinal0 [0x010F189B+202907]&#10;	Ordinal0 [0x010D3DF4+81396]&#10;	Ordinal0 [0x010D4DEE+85486]&#10;	Ordinal0 [0x010D4D79+85369]&#10;	Ordinal0 [0x012E85DC+2262492]&#10;	GetHandleVerifier [0x01572874+1487204]&#10;	GetHandleVerifier [0x015723CD+1486013]&#10;	GetHandleVerifier [0x0157A368+1518680]&#10;	GetHandleVerifier [0x01572F4E+1488958]&#10;	Ordinal0 [0x012DED0D+2223373]&#10;	Ordinal0 [0x012EA12B+2269483]&#10;	Ordinal0 [0x012EA26F+2269807]&#10;	Ordinal0 [0x012FECB8+2354360]&#10;	BaseThreadInitThunk [0x7588343D+18]&#10;	RtlInitializeExceptionChain [0x777B9812+99]&#10;	RtlInitializeExceptionChain [0x777B97E5+54]&#10;" type="org.openqa.selenium.SessionNotCreatedException">org.openqa.selenium.SessionNotCreatedException: 
session not created
from timeout: Timed out receiving message from renderer: 600.000
  (Session info: chrome=87.0.4280.88)
Build info: version: '3.141.59', revision: 'e82be7d358', time: '2018-11-14T08:17:03'
System info: host: 'LAPTOP', ip: '192.168.1.14', os.name: 'Windows 7', os.arch: 'amd64', os.version: '6.1', java.version: '1.8.0_271'
Driver info: driver.version: ChromeDriver
remote stacktrace: Backtrace:
	Ordinal0 [0x013EC0C3+3326147]
	Ordinal0 [0x012D0851+2164817]
	Ordinal0 [0x01157298+619160]
	Ordinal0 [0x0114B17F+569727]
	Ordinal0 [0x0114A421+566305]
	Ordinal0 [0x0114A815+567317]
	Ordinal0 [0x0114A135+565557]
	Ordinal0 [0x011538B1+604337]
	Ordinal0 [0x0114A0F1+565489]
	Ordinal0 [0x0114AEA2+568994]
	Ordinal0 [0x0114A421+566305]
	Ordinal0 [0x0114A815+567317]
	Ordinal0 [0x0114A135+565557]
	Ordinal0 [0x01151D2C+597292]
	Ordinal0 [0x0114A0F1+565489]
	Ordinal0 [0x0114AEA2+568994]
	Ordinal0 [0x0114A421+566305]
	Ordinal0 [0x0114A815+567317]
	Ordinal0 [0x0114A135+565557]
	Ordinal0 [0x0114FE62+589410]
	Ordinal0 [0x0114A0F1+565489]
	Ordinal0 [0x0114AEA2+568994]
	Ordinal0 [0x0114A421+566305]
	Ordinal0 [0x0114A815+567317]
	Ordinal0 [0x0114A135+565557]
	Ordinal0 [0x0114F075+585845]
	Ordinal0 [0x0114A0F1+565489]
	Ordinal0 [0x0114AEA2+568994]
	Ordinal0 [0x0114A421+566305]
	Ordinal0 [0x0114A815+567317]
	Ordinal0 [0x0114A135+565557]
	Ordinal0 [0x01146776+550774]
	Ordinal0 [0x0114A0F1+565489]
	Ordinal0 [0x01149F13+565011]
	Ordinal0 [0x01149D07+564487]
	Ordinal0 [0x011582C0+623296]
	Ordinal0 [0x010F6BDD+224221]
	Ordinal0 [0x010F5CAC+220332]
	Ordinal0 [0x010F189B+202907]
	Ordinal0 [0x010D3DF4+81396]
	Ordinal0 [0x010D4DEE+85486]
	Ordinal0 [0x010D4D79+85369]
	Ordinal0 [0x012E85DC+2262492]
	GetHandleVerifier [0x01572874+1487204]
	GetHandleVerifier [0x015723CD+1486013]
	GetHandleVerifier [0x0157A368+1518680]
	GetHandleVerifier [0x01572F4E+1488958]
	Ordinal0 [0x012DED0D+2223373]
	Ordinal0 [0x012EA12B+2269483]
	Ordinal0 [0x012EA26F+2269807]
	Ordinal0 [0x012FECB8+2354360]
	BaseThreadInitThunk [0x7588343D+18]
	RtlInitializeExceptionChain [0x777B9812+99]
	RtlInitializeExceptionChain [0x777B97E5+54]

</error>
    <system-out><![CDATA[
Scenario: Forgot Password link                       # scr/test/resources/appfeatures/LoginPage.feature:8
browser value is: chrome
      org.openqa.selenium.SessionNotCreatedException: session not created
from timeout: Timed out receiving message from renderer: 600.000
  (Session info: chrome=87.0.4280.88)
Build info: version: '3.141.59', revision: 'e82be7d358', time: '2018-11-14T08:17:03'
System info: host: 'LAPTOP', ip: '192.168.1.14', os.name: 'Windows 7', os.arch: 'amd64', os.version: '6.1', java.version: '1.8.0_271'
Driver info: driver.version: ChromeDriver
remote stacktrace: Backtrace:
	Ordinal0 [0x013EC0C3+3326147]
	Ordinal0 [0x012D0851+2164817]
	Ordinal0 [0x01157298+619160]
	Ordinal0 [0x0114B17F+569727]
	Ordinal0 [0x0114A421+566305]
	Ordinal0 [0x0114A815+567317]
	Ordinal0 [0x0114A135+565557]
	Ordinal0 [0x011538B1+604337]
	Ordinal0 [0x0114A0F1+565489]
	Ordinal0 [0x0114AEA2+568994]
	Ordinal0 [0x0114A421+566305]
	Ordinal0 [0x0114A815+567317]
	Ordinal0 [0x0114A135+565557]
	Ordinal0 [0x01151D2C+597292]
	Ordinal0 [0x0114A0F1+565489]
	Ordinal0 [0x0114AEA2+568994]
	Ordinal0 [0x0114A421+566305]
	Ordinal0 [0x0114A815+567317]
	Ordinal0 [0x0114A135+565557]
	Ordinal0 [0x0114FE62+589410]
	Ordinal0 [0x0114A0F1+565489]
	Ordinal0 [0x0114AEA2+568994]
	Ordinal0 [0x0114A421+566305]
	Ordinal0 [0x0114A815+567317]
	Ordinal0 [0x0114A135+565557]
	Ordinal0 [0x0114F075+585845]
	Ordinal0 [0x0114A0F1+565489]
	Ordinal0 [0x0114AEA2+568994]
	Ordinal0 [0x0114A421+566305]
	Ordinal0 [0x0114A815+567317]
	Ordinal0 [0x0114A135+565557]
	Ordinal0 [0x01146776+550774]
	Ordinal0 [0x0114A0F1+565489]
	Ordinal0 [0x01149F13+565011]
	Ordinal0 [0x01149D07+564487]
	Ordinal0 [0x011582C0+623296]
	Ordinal0 [0x010F6BDD+224221]
	Ordinal0 [0x010F5CAC+220332]
	Ordinal0 [0x010F189B+202907]
	Ordinal0 [0x010D3DF4+81396]
	Ordinal0 [0x010D4DEE+85486]
	Ordinal0 [0x010D4D79+85369]
	Ordinal0 [0x012E85DC+2262492]
	GetHandleVerifier [0x01572874+1487204]
	GetHandleVerifier [0x015723CD+1486013]
	GetHandleVerifier [0x0157A368+1518680]
	GetHandleVerifier [0x01572F4E+1488958]
	Ordinal0 [0x012DED0D+2223373]
	Ordinal0 [0x012EA12B+2269483]
	Ordinal0 [0x012EA26F+2269807]
	Ordinal0 [0x012FECB8+2354360]
	BaseThreadInitThunk [0x7588343D+18]
	RtlInitializeExceptionChain [0x777B9812+99]
	RtlInitializeExceptionChain [0x777B97E5+54]

	at sun.reflect.NativeConstructorAccessorImpl.newInstance0(Native Method)
	at sun.reflect.NativeConstructorAccessorImpl.newInstance(NativeConstructorAccessorImpl.java:62)
	at sun.reflect.DelegatingConstructorAccessorImpl.newInstance(DelegatingConstructorAccessorImpl.java:45)
	at java.lang.reflect.Constructor.newInstance(Constructor.java:423)
	at org.openqa.selenium.remote.W3CHandshakeResponse.lambda$errorHandler$0(W3CHandshakeResponse.java:62)
	at org.openqa.selenium.remote.HandshakeResponse.lambda$getResponseFunction$0(HandshakeResponse.java:30)
	at org.openqa.selenium.remote.ProtocolHandshake.lambda$createSession$0(ProtocolHandshake.java:126)
	at java.util.stream.ReferencePipeline$3$1.accept(ReferencePipeline.java:193)
	at java.util.Spliterators$ArraySpliterator.tryAdvance(Spliterators.java:958)
	at java.util.stream.ReferencePipeline.forEachWithCancel(ReferencePipeline.java:126)
	at java.util.stream.AbstractPipeline.copyIntoWithCancel(AbstractPipeline.java:499)
	at java.util.stream.AbstractPipeline.copyInto(AbstractPipeline.java:486)
	at java.util.stream.AbstractPipeline.wrapAndCopyInto(AbstractPipeline.java:472)
	at java.util.stream.FindOps$FindOp.evaluateSequential(FindOps.java:152)
	at java.util.stream.AbstractPipeline.evaluate(AbstractPipeline.java:234)
	at java.util.stream.ReferencePipeline.findFirst(ReferencePipeline.java:464)
	at org.openqa.selenium.remote.ProtocolHandshake.createSession(ProtocolHandshake.java:128)
	at org.openqa.selenium.remote.ProtocolHandshake.createSession(ProtocolHandshake.java:74)
	at org.openqa.selenium.remote.HttpCommandExecutor.execute(HttpCommandExecutor.java:136)
	at org.openqa.selenium.remote.service.DriverCommandExecutor.execute(DriverCommandExecutor.java:83)
	at org.openqa.selenium.remote.RemoteWebDriver.execute(RemoteWebDriver.java:552)
	at org.openqa.selenium.remote.RemoteWebDriver.startSession(RemoteWebDriver.java:213)
	at org.openqa.selenium.remote.RemoteWebDriver.<init>(RemoteWebDriver.java:131)
	at org.openqa.selenium.chrome.ChromeDriver.<init>(ChromeDriver.java:181)
	at org.openqa.selenium.chrome.ChromeDriver.<init>(ChromeDriver.java:168)
	at org.openqa.selenium.chrome.ChromeDriver.<init>(ChromeDriver.java:123)
	at com.qa.factory.DriverFactory.init_driver(DriverFactory.java:24)
	at apphooks.ApplicationHooks.launchBrowser(ApplicationHooks.java:34)

  Given user is on login page                        # stepdefinitions.LoginPageSteps.user_is_on_login_page()
  Then forgot your password link should be displayed # stepdefinitions.LoginPageSteps.forgot_your_password_link_should_be_displayed()
      java.lang.NullPointerException
	at apphooks.ApplicationHooks.tearDown(ApplicationHooks.java:48)

      java.lang.NullPointerException
	at apphooks.ApplicationHooks.quitBrowser(ApplicationHooks.java:40)

]]></system-out>
    <system-err><![CDATA[Starting ChromeDriver 87.0.4280.88 (89e2380a3e36c3464b5dd1302349b1382549290d-refs/branch-heads/4280@{#1761}) on port 15681
Only local connections are allowed.
Please see https://chromedriver.chromium.org/security-considerations for suggestions on keeping ChromeDriver safe.
ChromeDriver was started successfully.
[1609597773.047][SEVERE]: Timed out receiving message from renderer: 600.000
]]></system-err>
  </testcase>
  <testcase name="Forgot Password link" classname="Login Page feature" time="604.277">
    <error type="java.lang.NullPointerException">java.lang.NullPointerException
</error>
  </testcase>
  <testcase name="Forgot Password link" classname="Login Page feature" time="604.277">
    <error type="java.lang.NullPointerException">java.lang.NullPointerException
</error>
  </testcase>
  <testcase name="Login with correct credentials" classname="Login Page feature" time="602.88">
    <error message="session not created&#10;from timeout: Timed out receiving message from renderer: 600.000&#10;  (Session info: chrome=87.0.4280.88)&#10;Build info: version: &apos;3.141.59&apos;, revision: &apos;e82be7d358&apos;, time: &apos;2018-11-14T08:17:03&apos;&#10;System info: host: &apos;LAPTOP&apos;, ip: &apos;192.168.1.14&apos;, os.name: &apos;Windows 7&apos;, os.arch: &apos;amd64&apos;, os.version: &apos;6.1&apos;, java.version: &apos;1.8.0_271&apos;&#10;Driver info: driver.version: ChromeDriver&#10;remote stacktrace: Backtrace:&#10;	Ordinal0 [0x013EC0C3+3326147]&#10;	Ordinal0 [0x012D0851+2164817]&#10;	Ordinal0 [0x01157298+619160]&#10;	Ordinal0 [0x0114B17F+569727]&#10;	Ordinal0 [0x0114A421+566305]&#10;	Ordinal0 [0x0114A815+567317]&#10;	Ordinal0 [0x0114A135+565557]&#10;	Ordinal0 [0x011538B1+604337]&#10;	Ordinal0 [0x0114A0F1+565489]&#10;	Ordinal0 [0x0114AEA2+568994]&#10;	Ordinal0 [0x0114A421+566305]&#10;	Ordinal0 [0x0114A815+567317]&#10;	Ordinal0 [0x0114A135+565557]&#10;	Ordinal0 [0x01151D2C+597292]&#10;	Ordinal0 [0x0114A0F1+565489]&#10;	Ordinal0 [0x0114AEA2+568994]&#10;	Ordinal0 [0x0114A421+566305]&#10;	Ordinal0 [0x0114A815+567317]&#10;	Ordinal0 [0x0114A135+565557]&#10;	Ordinal0 [0x0114FE62+589410]&#10;	Ordinal0 [0x0114A0F1+565489]&#10;	Ordinal0 [0x0114AEA2+568994]&#10;	Ordinal0 [0x0114A421+566305]&#10;	Ordinal0 [0x0114A815+567317]&#10;	Ordinal0 [0x0114A135+565557]&#10;	Ordinal0 [0x0114F075+585845]&#10;	Ordinal0 [0x0114A0F1+565489]&#10;	Ordinal0 [0x0114AEA2+568994]&#10;	Ordinal0 [0x0114A421+566305]&#10;	Ordinal0 [0x0114A815+567317]&#10;	Ordinal0 [0x0114A135+565557]&#10;	Ordinal0 [0x01146776+550774]&#10;	Ordinal0 [0x0114A0F1+565489]&#10;	Ordinal0 [0x01149F13+565011]&#10;	Ordinal0 [0x01149D07+564487]&#10;	Ordinal0 [0x011582C0+623296]&#10;	Ordinal0 [0x010F6BDD+224221]&#10;	Ordinal0 [0x010F5CAC+220332]&#10;	Ordinal0 [0x010F189B+202907]&#10;	Ordinal0 [0x010D3DF4+81396]&#10;	Ordinal0 [0x010D4DEE+85486]&#10;	Ordinal0 [0x010D4D79+85369]&#10;	Ordinal0 [0x012E85DC+2262492]&#10;	GetHandleVerifier [0x01572874+1487204]&#10;	GetHandleVerifier [0x015723CD+1486013]&#10;	GetHandleVerifier [0x0157A368+1518680]&#10;	GetHandleVerifier [0x01572F4E+1488958]&#10;	Ordinal0 [0x012DED0D+2223373]&#10;	Ordinal0 [0x012EA12B+2269483]&#10;	Ordinal0 [0x012EA26F+2269807]&#10;	Ordinal0 [0x012FECB8+2354360]&#10;	BaseThreadInitThunk [0x7588343D+18]&#10;	RtlInitializeExceptionChain [0x777B9812+99]&#10;	RtlInitializeExceptionChain [0x777B97E5+54]&#10;" type="org.openqa.selenium.SessionNotCreatedException">org.openqa.selenium.SessionNotCreatedException: 
session not created
from timeout: Timed out receiving message from renderer: 600.000
  (Session info: chrome=87.0.4280.88)
Build info: version: '3.141.59', revision: 'e82be7d358', time: '2018-11-14T08:17:03'
System info: host: 'LAPTOP', ip: '192.168.1.14', os.name: 'Windows 7', os.arch: 'amd64', os.version: '6.1', java.version: '1.8.0_271'
Driver info: driver.version: ChromeDriver
remote stacktrace: Backtrace:
	Ordinal0 [0x013EC0C3+3326147]
	Ordinal0 [0x012D0851+2164817]
	Ordinal0 [0x01157298+619160]
	Ordinal0 [0x0114B17F+569727]
	Ordinal0 [0x0114A421+566305]
	Ordinal0 [0x0114A815+567317]
	Ordinal0 [0x0114A135+565557]
	Ordinal0 [0x011538B1+604337]
	Ordinal0 [0x0114A0F1+565489]
	Ordinal0 [0x0114AEA2+568994]
	Ordinal0 [0x0114A421+566305]
	Ordinal0 [0x0114A815+567317]
	Ordinal0 [0x0114A135+565557]
	Ordinal0 [0x01151D2C+597292]
	Ordinal0 [0x0114A0F1+565489]
	Ordinal0 [0x0114AEA2+568994]
	Ordinal0 [0x0114A421+566305]
	Ordinal0 [0x0114A815+567317]
	Ordinal0 [0x0114A135+565557]
	Ordinal0 [0x0114FE62+589410]
	Ordinal0 [0x0114A0F1+565489]
	Ordinal0 [0x0114AEA2+568994]
	Ordinal0 [0x0114A421+566305]
	Ordinal0 [0x0114A815+567317]
	Ordinal0 [0x0114A135+565557]
	Ordinal0 [0x0114F075+585845]
	Ordinal0 [0x0114A0F1+565489]
	Ordinal0 [0x0114AEA2+568994]
	Ordinal0 [0x0114A421+566305]
	Ordinal0 [0x0114A815+567317]
	Ordinal0 [0x0114A135+565557]
	Ordinal0 [0x01146776+550774]
	Ordinal0 [0x0114A0F1+565489]
	Ordinal0 [0x01149F13+565011]
	Ordinal0 [0x01149D07+564487]
	Ordinal0 [0x011582C0+623296]
	Ordinal0 [0x010F6BDD+224221]
	Ordinal0 [0x010F5CAC+220332]
	Ordinal0 [0x010F189B+202907]
	Ordinal0 [0x010D3DF4+81396]
	Ordinal0 [0x010D4DEE+85486]
	Ordinal0 [0x010D4D79+85369]
	Ordinal0 [0x012E85DC+2262492]
	GetHandleVerifier [0x01572874+1487204]
	GetHandleVerifier [0x015723CD+1486013]
	GetHandleVerifier [0x0157A368+1518680]
	GetHandleVerifier [0x01572F4E+1488958]
	Ordinal0 [0x012DED0D+2223373]
	Ordinal0 [0x012EA12B+2269483]
	Ordinal0 [0x012EA26F+2269807]
	Ordinal0 [0x012FECB8+2354360]
	BaseThreadInitThunk [0x7588343D+18]
	RtlInitializeExceptionChain [0x777B9812+99]
	RtlInitializeExceptionChain [0x777B97E5+54]

</error>
    <system-out><![CDATA[
Scenario: Login with correct credentials                   # scr/test/resources/appfeatures/LoginPage.feature:13
browser value is: chrome
      org.openqa.selenium.SessionNotCreatedException: session not created
from timeout: Timed out receiving message from renderer: 600.000
  (Session info: chrome=87.0.4280.88)
Build info: version: '3.141.59', revision: 'e82be7d358', time: '2018-11-14T08:17:03'
System info: host: 'LAPTOP', ip: '192.168.1.14', os.name: 'Windows 7', os.arch: 'amd64', os.version: '6.1', java.version: '1.8.0_271'
Driver info: driver.version: ChromeDriver
remote stacktrace: Backtrace:
	Ordinal0 [0x013EC0C3+3326147]
	Ordinal0 [0x012D0851+2164817]
	Ordinal0 [0x01157298+619160]
	Ordinal0 [0x0114B17F+569727]
	Ordinal0 [0x0114A421+566305]
	Ordinal0 [0x0114A815+567317]
	Ordinal0 [0x0114A135+565557]
	Ordinal0 [0x011538B1+604337]
	Ordinal0 [0x0114A0F1+565489]
	Ordinal0 [0x0114AEA2+568994]
	Ordinal0 [0x0114A421+566305]
	Ordinal0 [0x0114A815+567317]
	Ordinal0 [0x0114A135+565557]
	Ordinal0 [0x01151D2C+597292]
	Ordinal0 [0x0114A0F1+565489]
	Ordinal0 [0x0114AEA2+568994]
	Ordinal0 [0x0114A421+566305]
	Ordinal0 [0x0114A815+567317]
	Ordinal0 [0x0114A135+565557]
	Ordinal0 [0x0114FE62+589410]
	Ordinal0 [0x0114A0F1+565489]
	Ordinal0 [0x0114AEA2+568994]
	Ordinal0 [0x0114A421+566305]
	Ordinal0 [0x0114A815+567317]
	Ordinal0 [0x0114A135+565557]
	Ordinal0 [0x0114F075+585845]
	Ordinal0 [0x0114A0F1+565489]
	Ordinal0 [0x0114AEA2+568994]
	Ordinal0 [0x0114A421+566305]
	Ordinal0 [0x0114A815+567317]
	Ordinal0 [0x0114A135+565557]
	Ordinal0 [0x01146776+550774]
	Ordinal0 [0x0114A0F1+565489]
	Ordinal0 [0x01149F13+565011]
	Ordinal0 [0x01149D07+564487]
	Ordinal0 [0x011582C0+623296]
	Ordinal0 [0x010F6BDD+224221]
	Ordinal0 [0x010F5CAC+220332]
	Ordinal0 [0x010F189B+202907]
	Ordinal0 [0x010D3DF4+81396]
	Ordinal0 [0x010D4DEE+85486]
	Ordinal0 [0x010D4D79+85369]
	Ordinal0 [0x012E85DC+2262492]
	GetHandleVerifier [0x01572874+1487204]
	GetHandleVerifier [0x015723CD+1486013]
	GetHandleVerifier [0x0157A368+1518680]
	GetHandleVerifier [0x01572F4E+1488958]
	Ordinal0 [0x012DED0D+2223373]
	Ordinal0 [0x012EA12B+2269483]
	Ordinal0 [0x012EA26F+2269807]
	Ordinal0 [0x012FECB8+2354360]
	BaseThreadInitThunk [0x7588343D+18]
	RtlInitializeExceptionChain [0x777B9812+99]
	RtlInitializeExceptionChain [0x777B97E5+54]

	at sun.reflect.NativeConstructorAccessorImpl.newInstance0(Native Method)
	at sun.reflect.NativeConstructorAccessorImpl.newInstance(NativeConstructorAccessorImpl.java:62)
	at sun.reflect.DelegatingConstructorAccessorImpl.newInstance(DelegatingConstructorAccessorImpl.java:45)
	at java.lang.reflect.Constructor.newInstance(Constructor.java:423)
	at org.openqa.selenium.remote.W3CHandshakeResponse.lambda$errorHandler$0(W3CHandshakeResponse.java:62)
	at org.openqa.selenium.remote.HandshakeResponse.lambda$getResponseFunction$0(HandshakeResponse.java:30)
	at org.openqa.selenium.remote.ProtocolHandshake.lambda$createSession$0(ProtocolHandshake.java:126)
	at java.util.stream.ReferencePipeline$3$1.accept(ReferencePipeline.java:193)
	at java.util.Spliterators$ArraySpliterator.tryAdvance(Spliterators.java:958)
	at java.util.stream.ReferencePipeline.forEachWithCancel(ReferencePipeline.java:126)
	at java.util.stream.AbstractPipeline.copyIntoWithCancel(AbstractPipeline.java:499)
	at java.util.stream.AbstractPipeline.copyInto(AbstractPipeline.java:486)
	at java.util.stream.AbstractPipeline.wrapAndCopyInto(AbstractPipeline.java:472)
	at java.util.stream.FindOps$FindOp.evaluateSequential(FindOps.java:152)
	at java.util.stream.AbstractPipeline.evaluate(AbstractPipeline.java:234)
	at java.util.stream.ReferencePipeline.findFirst(ReferencePipeline.java:464)
	at org.openqa.selenium.remote.ProtocolHandshake.createSession(ProtocolHandshake.java:128)
	at org.openqa.selenium.remote.ProtocolHandshake.createSession(ProtocolHandshake.java:74)
	at org.openqa.selenium.remote.HttpCommandExecutor.execute(HttpCommandExecutor.java:136)
	at org.openqa.selenium.remote.service.DriverCommandExecutor.execute(DriverCommandExecutor.java:83)
	at org.openqa.selenium.remote.RemoteWebDriver.execute(RemoteWebDriver.java:552)
	at org.openqa.selenium.remote.RemoteWebDriver.startSession(RemoteWebDriver.java:213)
	at org.openqa.selenium.remote.RemoteWebDriver.<init>(RemoteWebDriver.java:131)
	at org.openqa.selenium.chrome.ChromeDriver.<init>(ChromeDriver.java:181)
	at org.openqa.selenium.chrome.ChromeDriver.<init>(ChromeDriver.java:168)
	at org.openqa.selenium.chrome.ChromeDriver.<init>(ChromeDriver.java:123)
	at com.qa.factory.DriverFactory.init_driver(DriverFactory.java:24)
	at apphooks.ApplicationHooks.launchBrowser(ApplicationHooks.java:34)

  Given user is on login page                              # stepdefinitions.LoginPageSteps.user_is_on_login_page()
  When user enters username "dec2020secondbatch@gmail.com" # stepdefinitions.LoginPageSteps.user_enters_username(java.lang.String)
  And user enters password "Selenium@12345"                # stepdefinitions.LoginPageSteps.user_enters_password(java.lang.String)
  And user click on Login button                           # stepdefinitions.LoginPageSteps.user_click_on_login_button()
  And user gets the title of the page                      # stepdefinitions.LoginPageSteps.user_gets_the_title_of_the_page()
  Then page title should be "My account - My Store"        # stepdefinitions.LoginPageSteps.page_title_should_be(java.lang.String)
      java.lang.NullPointerException
	at apphooks.ApplicationHooks.tearDown(ApplicationHooks.java:48)

      java.lang.NullPointerException
	at apphooks.ApplicationHooks.quitBrowser(ApplicationHooks.java:40)

]]></system-out>
    <system-err><![CDATA[Starting ChromeDriver 87.0.4280.88 (89e2380a3e36c3464b5dd1302349b1382549290d-refs/branch-heads/4280@{#1761}) on port 29955
Only local connections are allowed.
Please see https://chromedriver.chromium.org/security-considerations for suggestions on keeping ChromeDriver safe.
ChromeDriver was started successfully.
[1609598375.832][SEVERE]: Timed out receiving message from renderer: 600.000
]]></system-err>
  </testcase>
  <testcase name="Login with correct credentials" classname="Login Page feature" time="602.881">
    <error type="java.lang.NullPointerException">java.lang.NullPointerException
</error>
  </testcase>
  <testcase name="Login with correct credentials" classname="Login Page feature" time="602.881">
    <error type="java.lang.NullPointerException">java.lang.NullPointerException
</error>
  </testcase>
</testsuite>